<?xml version="1.0" encoding="UTF-8"?>
<!-- Generated by org.testng.reporters.JUnitXMLReporter -->
<testsuite ignored="4" hostname="kd-Laptop" failures="0" tests="1" name="Default test" time="24.018" errors="0" timestamp="2022-07-28T22:00:46 EDT">
  <testcase classname="com.amazon.qa.testcases.SignInPageTest" name="correctSignInTest" time="2.527"/>
  <testcase classname="com.amazon.qa.testcases.SignInPageTest" name="signInPageTitleTest" time="0.0">
    <ignored/>
  </testcase> <!-- signInPageTitleTest -->
  <testcase classname="com.amazon.qa.testcases.SignInPageTest" name="wronEmailTest" time="0.0">
    <ignored/>
  </testcase> <!-- wronEmailTest -->
  <testcase classname="com.amazon.qa.testcases.SignInPageTest" name="wrongPassTest" time="0.0">
    <ignored/>
  </testcase> <!-- wrongPassTest -->
  <testcase classname="com.amazon.qa.testcases.SignInPageTest" name="LogoTest" time="0.0">
    <ignored/>
  </testcase> <!-- LogoTest -->
</testsuite> <!-- Default test -->
